0 info it worked if it ends with ok
1 verbose cli [ 'C:\\Program Files (x86)\\nodejs\\node.exe',
1 verbose cli   'C:\\Program Files (x86)\\nodejs\\node_modules\\npm\\bin\\npm-cli.js',
1 verbose cli   'i',
1 verbose cli   'yeoman.environment' ]
2 info using npm@2.14.7
3 info using node@v4.2.2
4 verbose install initial load of C:\Users\admin\Documents\workspace\Day10\example1\package.json
5 verbose readDependencies loading dependencies from C:\Users\admin\Documents\workspace\Day10\example1\package.json
6 silly cache add args [ 'yeoman.environment', null ]
7 verbose cache add spec yeoman.environment
8 silly cache add parsed spec Result {
8 silly cache add   raw: 'yeoman.environment',
8 silly cache add   scope: null,
8 silly cache add   name: 'yeoman.environment',
8 silly cache add   rawSpec: '',
8 silly cache add   spec: '*',
8 silly cache add   type: 'range' }
9 silly addNamed yeoman.environment@*
10 verbose addNamed "*" is a valid semver range for yeoman.environment
11 silly addNameRange { name: 'yeoman.environment', range: '*', hasData: false }
12 silly mapToRegistry name yeoman.environment
13 silly mapToRegistry using default registry
14 silly mapToRegistry registry https://registry.npmjs.org/
15 silly mapToRegistry uri https://registry.npmjs.org/yeoman.environment
16 verbose addNameRange registry:https://registry.npmjs.org/yeoman.environment not in flight; fetching
17 verbose request uri https://registry.npmjs.org/yeoman.environment
18 verbose request no auth needed
19 info attempt registry request try #1 at 3:49:56 PM
20 verbose request id 82e4dc3c4e715847
21 http request GET https://registry.npmjs.org/yeoman.environment
22 http 404 https://registry.npmjs.org/yeoman.environment
23 verbose headers { 'content-type': 'application/json',
23 verbose headers   'cache-control': 'max-age=0',
23 verbose headers   'content-length': '2',
23 verbose headers   'accept-ranges': 'bytes',
23 verbose headers   date: 'Fri, 27 Nov 2015 10:19:58 GMT',
23 verbose headers   via: '1.1 varnish',
23 verbose headers   age: '0',
23 verbose headers   connection: 'keep-alive',
23 verbose headers   'x-served-by': 'cache-sin6920-SIN',
23 verbose headers   'x-cache': 'MISS',
23 verbose headers   'x-cache-hits': '0',
23 verbose headers   'x-timer': 'S1448619598.352330,VS0,VE245' }
24 silly get cb [ 404,
24 silly get   { 'content-type': 'application/json',
24 silly get     'cache-control': 'max-age=0',
24 silly get     'content-length': '2',
24 silly get     'accept-ranges': 'bytes',
24 silly get     date: 'Fri, 27 Nov 2015 10:19:58 GMT',
24 silly get     via: '1.1 varnish',
24 silly get     age: '0',
24 silly get     connection: 'keep-alive',
24 silly get     'x-served-by': 'cache-sin6920-SIN',
24 silly get     'x-cache': 'MISS',
24 silly get     'x-cache-hits': '0',
24 silly get     'x-timer': 'S1448619598.352330,VS0,VE245' } ]
25 verbose stack Error: Registry returned 404 for GET on https://registry.npmjs.org/yeoman.environment
25 verbose stack     at makeError (C:\Program Files (x86)\nodejs\node_modules\npm\node_modules\npm-registry-client\lib\request.js:264:12)
25 verbose stack     at CachingRegistryClient.<anonymous> (C:\Program Files (x86)\nodejs\node_modules\npm\node_modules\npm-registry-client\lib\request.js:242:14)
25 verbose stack     at Request._callback (C:\Program Files (x86)\nodejs\node_modules\npm\node_modules\npm-registry-client\lib\request.js:172:14)
25 verbose stack     at Request.self.callback (C:\Program Files (x86)\nodejs\node_modules\npm\node_modules\request\request.js:198:22)
25 verbose stack     at emitTwo (events.js:87:13)
25 verbose stack     at Request.emit (events.js:172:7)
25 verbose stack     at Request.<anonymous> (C:\Program Files (x86)\nodejs\node_modules\npm\node_modules\request\request.js:1063:14)
25 verbose stack     at emitOne (events.js:82:20)
25 verbose stack     at Request.emit (events.js:169:7)
25 verbose stack     at IncomingMessage.<anonymous> (C:\Program Files (x86)\nodejs\node_modules\npm\node_modules\request\request.js:1009:12)
26 verbose statusCode 404
27 verbose pkgid yeoman.environment
28 verbose cwd C:\Users\admin\Documents\workspace\Day10\example1
29 error Windows_NT 6.1.7600
30 error argv "C:\\Program Files (x86)\\nodejs\\node.exe" "C:\\Program Files (x86)\\nodejs\\node_modules\\npm\\bin\\npm-cli.js" "i" "yeoman.environment"
31 error node v4.2.2
32 error npm  v2.14.7
33 error code E404
34 error 404 Registry returned 404 for GET on https://registry.npmjs.org/yeoman.environment
34 error 404
34 error 404 'yeoman.environment' is not in the npm registry.
34 error 404 You should bug the author to publish it (or use the name yourself!)
34 error 404
34 error 404 Note that you can also install from a
34 error 404 tarball, folder, http url, or git url.
35 verbose exit [ 1, true ]
